#
# There is insufficient memory for the Java Runtime Environment to continue.
# Native memory allocation (mmap) failed to map 132120576 bytes for G1 virtual space
# Possible reasons:
#   The system is out of physical RAM or swap space
#   The process is running with CompressedOops enabled, and the Java Heap may be blocking the growth of the native heap
# Possible solutions:
#   Reduce memory load on the system
#   Increase physical memory or swap space
#   Check if swap backing store is full
#   Decrease Java heap size (-Xmx/-Xms)
#   Decrease number of Java threads
#   Decrease Java thread stack sizes (-Xss)
#   Set larger code cache with -XX:ReservedCodeCacheSize=
#   JVM is running with Unscaled Compressed Oops mode in which the Java heap is
#     placed in the first 4GB address space. The Java Heap base address is the
#     maximum limit for the native heap growth. Please use -XX:HeapBaseMinAddress
#     to set the Java Heap base and to place the Java Heap above 4GB virtual address.
# This output file may be truncated or incomplete.
#
#  Out of Memory Error (os_windows.cpp:3541), pid=17508, tid=17220
#
# JRE version:  (17.0.5+9) (build )
# Java VM: Java HotSpot(TM) 64-Bit Server VM (17.0.5+9-LTS-191, mixed mode, sharing, tiered, compressed oops, compressed class ptrs, g1 gc, windows-amd64)
# No core dump will be written. Minidumps are not enabled by default on client versions of Windows
#

---------------  S U M M A R Y ------------

Command Line: -Dfile.encoding=UTF-8 --module-path=C:\Users\Amol\Documents\NetBeansProjects\Travel Management System\build\classes travel.management.system.Checkpackage

Host: Intel(R) Core(TM) i5-6200U CPU @ 2.30GHz, 4 cores, 7G,  Windows 10 , 64 bit Build 19041 (10.0.19041.1348)
Time: Fri Nov 18 15:02:11 2022 India Standard Time elapsed time: 0.021421 seconds (0d 0h 0m 0s)

---------------  T H R E A D  ---------------

Current thread (0x00000144369bc2e0):  JavaThread "Unknown thread" [_thread_in_vm, id=17220, stack(0x0000004407900000,0x0000004407a00000)]

Stack: [0x0000004407900000,0x0000004407a00000]
Native frames: (J=compiled Java code, j=interpreted, Vv=VM code, C=native code)
V  [jvm.dll+0x672eea]
V  [jvm.dll+0x7d2a04]
V  [jvm.dll+0x7d41ae]
V  [jvm.dll+0x7d4813]
V  [jvm.dll+0x242c15]
V  [jvm.dll+0x66fe09]
V  [jvm.dll+0x664682]
V  [jvm.dll+0x300e8b]
V  [jvm.dll+0x308426]
V  [jvm.dll+0x357ffe]
V  [jvm.dll+0x35822f]
V  [jvm.dll+0x2d80a8]
V  [jvm.dll+0x2d9014]
V  [jvm.dll+0x7a44e1]
V  [jvm.dll+0x365df1]
V  [jvm.dll+0x7838fc]
V  [jvm.dll+0x3e873f]
V  [jvm.dll+0x3ea1e1]
C  [jli.dll+0x527b]
C  [ucrtbase.dll+0x21bb2]
C  [KERNEL32.DLL+0x17034]
C  [ntdll.dll+0x52651]


---------------  P R O C E S S  ---------------

Threads class SMR info:
_java_thread_list=0x00007ffbaebea8d8, length=0, elements={
}

Java Threads: ( => current thread )

Other Threads:
  0x0000014436a15180 GCTaskThread "GC Thread#0" [stack: 0x0000004407a00000,0x0000004407b00000] [id=15752]
  0x0000014436a27bb0 ConcurrentGCThread "G1 Main Marker" [stack: 0x0000004407b00000,0x0000004407c00000] [id=10036]
  0x0000014436a28c70 ConcurrentGCThread "G1 Conc#0" [stack: 0x0000004407c00000,0x0000004407d00000] [id=18932]

[error occurred during error reporting (printing all threads), id 0xc0000005, EXCEPTION_ACCESS_VIOLATION (0xc0000005) at pc=0x00007ffbae438a97]

VM state: not at safepoint (not fully initialized)

VM Mutex/Monitor currently owned by a thread:  ([mutex/lock_event])
[0x00000144369b85b0] Heap_lock - owner thread: 0x00000144369bc2e0

Heap address: 0x0000000082200000, size: 2014 MB, Compressed Oops mode: 32-bit

CDS archive(s) mapped at: [0x0000000000000000-0x0000000000000000-0x0000000000000000), size 0, SharedBaseAddress: 0x0000000800000000, ArchiveRelocationMode: 0.
Narrow klass base: 0x0000000000000000, Narrow klass shift: 0, Narrow klass range: 0x0

GC Precious Log:
<Empty>

Heap:
 garbage-first heap   total 0K, used 0K [0x0000000082200000, 0x0000000100000000)
  region size 1024K, 0 young (0K), 0 survivors (0K)

[error occurred during error reporting (printing heap information), id 0xc0000005, EXCEPTION_ACCESS_VIOLATION (0xc0000005) at pc=0x00007ffbae81c399]

GC Heap History (0 events):
No events

Deoptimization events (0 events):
No events

Classes unloaded (0 events):
No events

Classes redefined (0 events):
No events

Internal exceptions (0 events):
No events

VM Operations (0 events):
No events

Events (1 events):
Event: 0.012 Loaded shared library C:\Program Files\Java\jdk-17.0.5\bin\java.dll


Dynamic libraries:
0x00007ff6a9dc0000 - 0x00007ff6a9dd0000 	C:\Program Files\Java\jdk-17.0.5\bin\java.exe
0x00007ffbfeb70000 - 0x00007ffbfed65000 	C:\Windows\SYSTEM32\ntdll.dll
0x00007ffbfcfc0000 - 0x00007ffbfd07e000 	C:\Windows\System32\KERNEL32.DLL
0x00007ffbfc370000 - 0x00007ffbfc638000 	C:\Windows\System32\KERNELBASE.dll
0x00007ffbfc710000 - 0x00007ffbfc810000 	C:\Windows\System32\ucrtbase.dll
0x00007ffbf7370000 - 0x00007ffbf738a000 	C:\Program Files\Java\jdk-17.0.5\bin\VCRUNTIME140.dll
0x00007ffbd4600000 - 0x00007ffbd4618000 	C:\Program Files\Java\jdk-17.0.5\bin\jli.dll
0x00007ffbfd0e0000 - 0x00007ffbfd18c000 	C:\Windows\System32\ADVAPI32.dll
0x00007ffbfcf20000 - 0x00007ffbfcfbe000 	C:\Windows\System32\msvcrt.dll
0x00007ffbfd340000 - 0x00007ffbfd3db000 	C:\Windows\System32\sechost.dll
0x00007ffbfd5a0000 - 0x00007ffbfd6ca000 	C:\Windows\System32\RPCRT4.dll
0x00007ffbfd3e0000 - 0x00007ffbfd581000 	C:\Windows\System32\USER32.dll
0x00007ffbe8450000 - 0x00007ffbe86ea000 	C:\Windows\WinSxS\amd64_microsoft.windows.common-controls_6595b64144ccf1df_6.0.19041.1110_none_60b5254171f9507e\COMCTL32.dll
0x00007ffbfc640000 - 0x00007ffbfc662000 	C:\Windows\System32\win32u.dll
0x00007ffbfcef0000 - 0x00007ffbfcf1b000 	C:\Windows\System32\GDI32.dll
0x00007ffbfca00000 - 0x00007ffbfcb0b000 	C:\Windows\System32\gdi32full.dll
0x00007ffbfc670000 - 0x00007ffbfc70d000 	C:\Windows\System32\msvcp_win.dll
0x00007ffbeadf0000 - 0x00007ffbeadfa000 	C:\Windows\SYSTEM32\VERSION.dll
0x00007ffbfcbe0000 - 0x00007ffbfcc10000 	C:\Windows\System32\IMM32.DLL
0x00007ffbf7360000 - 0x00007ffbf736c000 	C:\Program Files\Java\jdk-17.0.5\bin\vcruntime140_1.dll
0x00007ffbb01b0000 - 0x00007ffbb023d000 	C:\Program Files\Java\jdk-17.0.5\bin\msvcp140.dll
0x00007ffbae150000 - 0x00007ffbaed12000 	C:\Program Files\Java\jdk-17.0.5\bin\server\jvm.dll
0x00007ffbfde80000 - 0x00007ffbfde88000 	C:\Windows\System32\PSAPI.DLL
0x00007ffbf7390000 - 0x00007ffbf7399000 	C:\Windows\SYSTEM32\WSOCK32.dll
0x00007ffbea090000 - 0x00007ffbea0b7000 	C:\Windows\SYSTEM32\WINMM.dll
0x00007ffbfcc10000 - 0x00007ffbfcc7b000 	C:\Windows\System32\WS2_32.dll
0x00007ffbfa190000 - 0x00007ffbfa1a2000 	C:\Windows\SYSTEM32\kernel.appcore.dll
0x00007ffbf7350000 - 0x00007ffbf735a000 	C:\Program Files\Java\jdk-17.0.5\bin\jimage.dll
0x00007ffbe8ef0000 - 0x00007ffbe90d4000 	C:\Windows\SYSTEM32\DBGHELP.DLL
0x00007ffbea680000 - 0x00007ffbea6ac000 	C:\Windows\SYSTEM32\dbgcore.DLL
0x00007ffbfc970000 - 0x00007ffbfc9f3000 	C:\Windows\System32\bcryptPrimitives.dll
0x00007ffbd8e00000 - 0x00007ffbd8e25000 	C:\Program Files\Java\jdk-17.0.5\bin\java.dll

dbghelp: loaded successfully - version: 4.0.5 - missing functions: none
symbol engine: initialized successfully - sym options: 0x614 - pdb path: .;C:\Program Files\Java\jdk-17.0.5\bin;C:\Windows\SYSTEM32;C:\Windows\WinSxS\amd64_microsoft.windows.common-controls_6595b64144ccf1df_6.0.19041.1110_none_60b5254171f9507e;C:\Program Files\Java\jdk-17.0.5\bin\server

VM Arguments:
jvm_args: -Dfile.encoding=UTF-8 --module-path=C:\Users\Amol\Documents\NetBeansProjects\Travel Management System\build\classes 
java_command: travel.management.system.Checkpackage
java_class_path (initial): C:\Users\Amol\Desktop\mysql-connector-java-8.0.28 (1).jar;C:\Users\Amol\Documents\NetBeansProjects\Travel Management System\build\classes
Launcher Type: SUN_STANDARD

[Global flags]
     intx CICompilerCount                          = 3                                         {product} {ergonomic}
     uint ConcGCThreads                            = 1                                         {product} {ergonomic}
     uint G1ConcRefinementThreads                  = 4                                         {product} {ergonomic}
   size_t G1HeapRegionSize                         = 1048576                                   {product} {ergonomic}
    uintx GCDrainStackTargetSize                   = 64                                        {product} {ergonomic}
   size_t InitialHeapSize                          = 132120576                                 {product} {ergonomic}
   size_t MarkStackSize                            = 4194304                                   {product} {ergonomic}
   size_t MaxHeapSize                              = 2111832064                                {product} {ergonomic}
   size_t MinHeapDeltaBytes                        = 1048576                                   {product} {ergonomic}
   size_t MinHeapSize                              = 8388608                                   {product} {ergonomic}
    uintx NonNMethodCodeHeapSize                   = 5832780                                {pd product} {ergonomic}
    uintx NonProfiledCodeHeapSize                  = 122912730                              {pd product} {ergonomic}
    uintx ProfiledCodeHeapSize                     = 122912730                              {pd product} {ergonomic}
    uintx ReservedCodeCacheSize                    = 251658240                              {pd product} {ergonomic}
     bool SegmentedCodeCache                       = true                                      {product} {ergonomic}
   size_t SoftMaxHeapSize                          = 2111832064                             {manageable} {ergonomic}
     bool UseCompressedClassPointers               = true                           {product lp64_product} {ergonomic}
     bool UseCompressedOops                        = true                           {product lp64_product} {ergonomic}
     bool UseG1GC                                  = true                                      {product} {ergonomic}
     bool UseLargePagesIndividualAllocation        = false                                  {pd product} {ergonomic}

Logging:
Log output configuration:
 #0: stdout all=warning uptime,level,tags
 #1: stderr all=off uptime,level,tags

Environment Variables:
JAVA_HOME=C:\Program Files\Java\jdk-17
PATH=C:\Program Files\Common Files\Oracle\Java\javapath;C:\Python39\Scripts\;C:\Python39\;C:\Windows\system32;C:\Windows;C:\Windows\System32\Wbem;C:\Windows\System32\WindowsPowerShell\v1.0\;C:\Windows\System32\OpenSSH\;C:\Program Files\nodejs\;C:\ProgramData\chocolatey\bin;C:\Program Files (x86)\Git\cmd;C:\Program Files\dotnet\;C:\Program Files\Java\jdk-17\bin;C:\MinGW\bin;C:\Program Files\Java\jdk-17.0.5\bin;C:\Program Files\MySQL\MySQL Server 8.0\bin;C:\Users\Amol\AppData\Local\Microsoft\WindowsApps;E:\practice program files\Microsoft VS Code\bin
USERNAME=Amol
OS=Windows_NT
PROCESSOR_IDENTIFIER=Intel64 Family 6 Model 78 Stepping 3, GenuineIntel



---------------  S Y S T E M  ---------------

OS:
 Windows 10 , 64 bit Build 19041 (10.0.19041.1348)
OS uptime: 1 days 1:28 hours

CPU: total 4 (initial active 4) (2 cores per cpu, 2 threads per core) family 6 model 78 stepping 3 microcode 0xcc, cx8, cmov, fxsr, ht, mmx, 3dnowpref, sse, sse2, sse3, ssse3, sse4.1, sse4.2, popcnt, lzcnt, tsc, tscinvbit, avx, avx2, aes, erms, clmul, bmi1, bmi2, adx, fma, vzeroupper, clflush, clflushopt

Memory: 4k page, system-wide physical 8052M (2285M free)
TotalPageFile size 24816M (AvailPageFile size 21M)
current process WorkingSet (physical memory assigned to process): 10M, peak: 10M
current process commit charge ("private bytes"): 51M, peak: 177M

vm_info: Java HotSpot(TM) 64-Bit Server VM (17.0.5+9-LTS-191) for windows-amd64 JRE (17.0.5+9-LTS-191), built on Sep 13 2022 17:31:43 by "mach5one" with MS VC++ 16.8 / 16.9 (VS2019)

END.
