#
# There is insufficient memory for the Java Runtime Environment to continue.
# Native memory allocation (malloc) failed to allocate 32744 bytes for ChunkPool::allocate
# Possible reasons:
#   The system is out of physical RAM or swap space
#   The process is running with CompressedOops enabled, and the Java Heap may be blocking the growth of the native heap
# Possible solutions:
#   Reduce memory load on the system
#   Increase physical memory or swap space
#   Check if swap backing store is full
#   Decrease Java heap size (-Xmx/-Xms)
#   Decrease number of Java threads
#   Decrease Java thread stack sizes (-Xss)
#   Set larger code cache with -XX:ReservedCodeCacheSize=
#   JVM is running with Unscaled Compressed Oops mode in which the Java heap is
#     placed in the first 4GB address space. The Java Heap base address is the
#     maximum limit for the native heap growth. Please use -XX:HeapBaseMinAddress
#     to set the Java Heap base and to place the Java Heap above 4GB virtual address.
# This output file may be truncated or incomplete.
#
#  Out of Memory Error (arena.cpp:78), pid=15380, tid=17760
#
# JRE version: Java(TM) SE Runtime Environment (17.0.5+9) (build 17.0.5+9-LTS-191)
# Java VM: Java HotSpot(TM) 64-Bit Server VM (17.0.5+9-LTS-191, mixed mode, sharing, tiered, compressed oops, compressed class ptrs, g1 gc, windows-amd64)
# No core dump will be written. Minidumps are not enabled by default on client versions of Windows
#

---------------  S U M M A R Y ------------

Command Line: -Dfile.encoding=UTF-8 --module-path=C:\Users\Amol\Documents\NetBeansProjects\Travel Management System\build\classes travel.management.system.Paytm

Host: Intel(R) Core(TM) i5-6200U CPU @ 2.30GHz, 4 cores, 7G,  Windows 10 , 64 bit Build 19041 (10.0.19041.1348)
Time: Wed Nov 23 13:37:23 2022 India Standard Time elapsed time: 3.783586 seconds (0d 0h 0m 3s)

---------------  T H R E A D  ---------------

Current thread (0x0000023b483402c0):  JavaThread "C2 CompilerThread1" daemon [_thread_in_native, id=17760, stack(0x000000e242600000,0x000000e242700000)]


Current CompileTask:
C2:   3784 1988   !   4       javax.swing.text.DefaultStyledDocument::updateStylesListeningTo (264 bytes)

Stack: [0x000000e242600000,0x000000e242700000]
Native frames: (J=compiled Java code, j=interpreted, Vv=VM code, C=native code)
V  [jvm.dll+0x672eea]
V  [jvm.dll+0x7d2a04]
V  [jvm.dll+0x7d41ae]
V  [jvm.dll+0x7d4813]
V  [jvm.dll+0x242c15]
V  [jvm.dll+0xaa7c0]
V  [jvm.dll+0xaab0c]
V  [jvm.dll+0x8fab8]
V  [jvm.dll+0x5fff25]
V  [jvm.dll+0x605a1b]
V  [jvm.dll+0x604fe7]
V  [jvm.dll+0x6067db]
V  [jvm.dll+0x604d44]
V  [jvm.dll+0x215b38]
V  [jvm.dll+0x2150e1]
V  [jvm.dll+0x1a18ed]
V  [jvm.dll+0x22493a]
V  [jvm.dll+0x222aa5]
V  [jvm.dll+0x7885db]
V  [jvm.dll+0x782b4a]
V  [jvm.dll+0x671d75]
C  [ucrtbase.dll+0x21bb2]
C  [KERNEL32.DLL+0x17034]
C  [ntdll.dll+0x52651]


---------------  P R O C E S S  ---------------

Threads class SMR info:
_java_thread_list=0x0000023b483fd230, length=21, elements={
0x0000023b465efef0, 0x0000023b465f0c70, 0x0000023b465fe390, 0x0000023b46600d60,
0x0000023b46601620, 0x0000023b466073f0, 0x0000023b466110b0, 0x0000023b46614dd0,
0x0000023b46625e90, 0x0000023b47076f70, 0x0000023b47077440, 0x0000023b470782b0,
0x0000023b47077910, 0x0000023b47078780, 0x0000023b47074dc0, 0x0000023b47075290,
0x0000023b47075760, 0x0000023b47075c30, 0x0000023b4840f930, 0x0000023b4840fe00,
0x0000023b483402c0
}

Java Threads: ( => current thread )
  0x0000023b465efef0 JavaThread "Reference Handler" daemon [_thread_blocked, id=23112, stack(0x000000e240a00000,0x000000e240b00000)]
  0x0000023b465f0c70 JavaThread "Finalizer" daemon [_thread_blocked, id=24624, stack(0x000000e240b00000,0x000000e240c00000)]
  0x0000023b465fe390 JavaThread "Signal Dispatcher" daemon [_thread_blocked, id=24884, stack(0x000000e240c00000,0x000000e240d00000)]
  0x0000023b46600d60 JavaThread "Attach Listener" daemon [_thread_blocked, id=20072, stack(0x000000e240d00000,0x000000e240e00000)]
  0x0000023b46601620 JavaThread "Service Thread" daemon [_thread_blocked, id=24028, stack(0x000000e240e00000,0x000000e240f00000)]
  0x0000023b466073f0 JavaThread "Monitor Deflation Thread" daemon [_thread_blocked, id=24972, stack(0x000000e240f00000,0x000000e241000000)]
  0x0000023b466110b0 JavaThread "C2 CompilerThread0" daemon [_thread_in_native, id=15104, stack(0x000000e241000000,0x000000e241100000)]
  0x0000023b46614dd0 JavaThread "C1 CompilerThread0" daemon [_thread_blocked, id=16272, stack(0x000000e241100000,0x000000e241200000)]
  0x0000023b46625e90 JavaThread "Sweeper thread" daemon [_thread_blocked, id=25132, stack(0x000000e241200000,0x000000e241300000)]
  0x0000023b47076f70 JavaThread "Common-Cleaner" daemon [_thread_blocked, id=22788, stack(0x000000e241300000,0x000000e241400000)]
  0x0000023b47077440 JavaThread "Notification Thread" daemon [_thread_blocked, id=16816, stack(0x000000e241400000,0x000000e241500000)]
  0x0000023b470782b0 JavaThread "Java2D Disposer" daemon [_thread_blocked, id=22272, stack(0x000000e241600000,0x000000e241700000)]
  0x0000023b47077910 JavaThread "AWT-Windows" daemon [_thread_in_native, id=15868, stack(0x000000e241800000,0x000000e241900000)]
  0x0000023b47078780 JavaThread "AWT-Shutdown" [_thread_blocked, id=22676, stack(0x000000e241900000,0x000000e241a00000)]
  0x0000023b47074dc0 JavaThread "AWT-EventQueue-0" [_thread_blocked, id=19872, stack(0x000000e241e00000,0x000000e241f00000)]
  0x0000023b47075290 JavaThread "SwingWorker-pool-1-thread-1" daemon [_thread_in_Java, id=24848, stack(0x000000e241f00000,0x000000e242000000)]
  0x0000023b47075760 JavaThread "TimerQueue" daemon [_thread_blocked, id=15964, stack(0x000000e242000000,0x000000e242100000)]
  0x0000023b47075c30 JavaThread "Keep-Alive-SocketCleaner" daemon [_thread_blocked, id=7828, stack(0x000000e242100000,0x000000e242200000)]
  0x0000023b4840f930 JavaThread "DestroyJavaVM" [_thread_blocked, id=16684, stack(0x000000e240300000,0x000000e240400000)]
  0x0000023b4840fe00 JavaThread "Keep-Alive-Timer" daemon [_thread_blocked, id=24660, stack(0x000000e242200000,0x000000e242300000)]
=>0x0000023b483402c0 JavaThread "C2 CompilerThread1" daemon [_thread_in_native, id=17760, stack(0x000000e242600000,0x000000e242700000)]

Other Threads:
  0x0000023b465ea3d0 VMThread "VM Thread" [stack: 0x000000e240900000,0x000000e240a00000] [id=20940]
  0x0000023b47095db0 WatcherThread [stack: 0x000000e241500000,0x000000e241600000] [id=19704]
  0x0000023b28e723f0 GCTaskThread "GC Thread#0" [stack: 0x000000e240400000,0x000000e240500000] [id=21396]
  0x0000023b47fd3230 GCTaskThread "GC Thread#1" [stack: 0x000000e241700000,0x000000e241800000] [id=24528]
  0x0000023b472cc5b0 GCTaskThread "GC Thread#2" [stack: 0x000000e241a00000,0x000000e241b00000] [id=24424]
  0x0000023b480749f0 GCTaskThread "GC Thread#3" [stack: 0x000000e241b00000,0x000000e241c00000] [id=24596]
  0x0000023b28e85220 ConcurrentGCThread "G1 Main Marker" [stack: 0x000000e240500000,0x000000e240600000] [id=22648]
  0x0000023b28e862e0 ConcurrentGCThread "G1 Conc#0" [stack: 0x000000e240600000,0x000000e240700000] [id=7892]
  0x0000023b28eed5f0 ConcurrentGCThread "G1 Refine#0" [stack: 0x000000e240700000,0x000000e240800000] [id=15240]
  0x0000023b480a17e0 ConcurrentGCThread "G1 Refine#1" [stack: 0x000000e241c00000,0x000000e241d00000] [id=20612]
  0x0000023b472ccc70 ConcurrentGCThread "G1 Refine#2" [stack: 0x000000e241d00000,0x000000e241e00000] [id=22876]
  0x0000023b28eedf20 ConcurrentGCThread "G1 Service" [stack: 0x000000e240800000,0x000000e240900000] [id=24072]

Threads with active compile tasks:
C2 CompilerThread0     3857 1998       4       javax.swing.text.html.CSSParser::parseDeclaration (96 bytes)
C2 CompilerThread1     3857 1988   !   4       javax.swing.text.DefaultStyledDocument::updateStylesListeningTo (264 bytes)

VM state: not at safepoint (normal execution)

VM Mutex/Monitor currently owned by a thread: None

Heap address: 0x0000000082200000, size: 2014 MB, Compressed Oops mode: 32-bit

CDS archive(s) mapped at: [0x0000000800000000-0x0000000800bd0000-0x0000000800bd0000), size 12386304, SharedBaseAddress: 0x0000000800000000, ArchiveRelocationMode: 0.
Compressed class space mapped at: 0x0000000800c00000-0x0000000840c00000, reserved size: 1073741824
Narrow klass base: 0x0000000800000000, Narrow klass shift: 0, Narrow klass range: 0x100000000

GC Precious Log:
 CPUs: 4 total, 4 available
 Memory: 8052M
 Large Page Support: Disabled
 NUMA Support: Disabled
 Compressed Oops: Enabled (32-bit)
 Heap Region Size: 1M
 Heap Min Capacity: 8M
 Heap Initial Capacity: 126M
 Heap Max Capacity: 2014M
 Pre-touch: Disabled
 Parallel Workers: 4
 Concurrent Workers: 1
 Concurrent Refinement Workers: 4
 Periodic GC: Disabled

Heap:
 garbage-first heap   total 129024K, used 29419K [0x0000000082200000, 0x0000000100000000)
  region size 1024K, 24 young (24576K), 2 survivors (2048K)
 Metaspace       used 16159K, committed 16384K, reserved 1064960K
  class space    used 1815K, committed 1984K, reserved 1048576K

Heap Regions: E=young(eden), S=young(survivor), O=old, HS=humongous(starts), HC=humongous(continues), CS=collection set, F=free, OA=open archive, CA=closed archive, TAMS=top-at-mark-start (previous, next)
|   0|0x0000000082200000, 0x0000000082300000, 0x0000000082300000|100%| O|  |TAMS 0x0000000082200000, 0x0000000082200000| Untracked 
|   1|0x0000000082300000, 0x0000000082400000, 0x0000000082400000|100%| O|  |TAMS 0x0000000082300000, 0x0000000082300000| Untracked 
|   2|0x0000000082400000, 0x0000000082500000, 0x0000000082500000|100%| O|  |TAMS 0x0000000082400000, 0x0000000082400000| Untracked 
|   3|0x0000000082500000, 0x0000000082600000, 0x0000000082600000|100%|HS|  |TAMS 0x0000000082500000, 0x0000000082500000| Complete 
|   4|0x0000000082600000, 0x0000000082700000, 0x0000000082700000|100%|HC|  |TAMS 0x0000000082600000, 0x0000000082600000| Complete 
|   5|0x0000000082700000, 0x0000000082800000, 0x0000000082800000|100%|HC|  |TAMS 0x0000000082700000, 0x0000000082700000| Complete 
|   6|0x0000000082800000, 0x0000000082900000, 0x0000000082900000|100%| O|  |TAMS 0x0000000082800000, 0x0000000082800000| Untracked 
|   7|0x0000000082900000, 0x000000008297ca00, 0x0000000082a00000| 48%| O|  |TAMS 0x0000000082900000, 0x0000000082900000| Untracked 
|   8|0x0000000082a00000, 0x0000000082a00000, 0x0000000082b00000|  0%| F|  |TAMS 0x0000000082a00000, 0x0000000082a00000| Untracked 
|   9|0x0000000082b00000, 0x0000000082b00000, 0x0000000082c00000|  0%| F|  |TAMS 0x0000000082b00000, 0x0000000082b00000| Untracked 
|  10|0x0000000082c00000, 0x0000000082c00000, 0x0000000082d00000|  0%| F|  |TAMS 0x0000000082c00000, 0x0000000082c00000| Untracked 
|  11|0x0000000082d00000, 0x0000000082d00000, 0x0000000082e00000|  0%| F|  |TAMS 0x0000000082d00000, 0x0000000082d00000| Untracked 
|  12|0x0000000082e00000, 0x0000000082e00000, 0x0000000082f00000|  0%| F|  |TAMS 0x0000000082e00000, 0x0000000082e00000| Untracked 
|  13|0x0000000082f00000, 0x0000000082f00000, 0x0000000083000000|  0%| F|  |TAMS 0x0000000082f00000, 0x0000000082f00000| Untracked 
|  14|0x0000000083000000, 0x0000000083000000, 0x0000000083100000|  0%| F|  |TAMS 0x0000000083000000, 0x0000000083000000| Untracked 
|  15|0x0000000083100000, 0x0000000083100000, 0x0000000083200000|  0%| F|  |TAMS 0x0000000083100000, 0x0000000083100000| Untracked 
|  16|0x0000000083200000, 0x0000000083200000, 0x0000000083300000|  0%| F|  |TAMS 0x0000000083200000, 0x0000000083200000| Untracked 
|  17|0x0000000083300000, 0x0000000083300000, 0x0000000083400000|  0%| F|  |TAMS 0x0000000083300000, 0x0000000083300000| Untracked 
|  18|0x0000000083400000, 0x0000000083400000, 0x0000000083500000|  0%| F|  |TAMS 0x0000000083400000, 0x0000000083400000| Untracked 
|  19|0x0000000083500000, 0x0000000083500000, 0x0000000083600000|  0%| F|  |TAMS 0x0000000083500000, 0x0000000083500000| Untracked 
|  20|0x0000000083600000, 0x0000000083600000, 0x0000000083700000|  0%| F|  |TAMS 0x0000000083600000, 0x0000000083600000| Untracked 
|  21|0x0000000083700000, 0x0000000083700000, 0x0000000083800000|  0%| F|  |TAMS 0x0000000083700000, 0x0000000083700000| Untracked 
|  22|0x0000000083800000, 0x0000000083800000, 0x0000000083900000|  0%| F|  |TAMS 0x0000000083800000, 0x0000000083800000| Untracked 
|  23|0x0000000083900000, 0x0000000083900000, 0x0000000083a00000|  0%| F|  |TAMS 0x0000000083900000, 0x0000000083900000| Untracked 
|  24|0x0000000083a00000, 0x0000000083a00000, 0x0000000083b00000|  0%| F|  |TAMS 0x0000000083a00000, 0x0000000083a00000| Untracked 
|  25|0x0000000083b00000, 0x0000000083b00000, 0x0000000083c00000|  0%| F|  |TAMS 0x0000000083b00000, 0x0000000083b00000| Untracked 
|  26|0x0000000083c00000, 0x0000000083c00000, 0x0000000083d00000|  0%| F|  |TAMS 0x0000000083c00000, 0x0000000083c00000| Untracked 
|  27|0x0000000083d00000, 0x0000000083d00000, 0x0000000083e00000|  0%| F|  |TAMS 0x0000000083d00000, 0x0000000083d00000| Untracked 
|  28|0x0000000083e00000, 0x0000000083e00000, 0x0000000083f00000|  0%| F|  |TAMS 0x0000000083e00000, 0x0000000083e00000| Untracked 
|  29|0x0000000083f00000, 0x0000000083f00000, 0x0000000084000000|  0%| F|  |TAMS 0x0000000083f00000, 0x0000000083f00000| Untracked 
|  30|0x0000000084000000, 0x0000000084000000, 0x0000000084100000|  0%| F|  |TAMS 0x0000000084000000, 0x0000000084000000| Untracked 
|  31|0x0000000084100000, 0x0000000084100000, 0x0000000084200000|  0%| F|  |TAMS 0x0000000084100000, 0x0000000084100000| Untracked 
|  32|0x0000000084200000, 0x0000000084200000, 0x0000000084300000|  0%| F|  |TAMS 0x0000000084200000, 0x0000000084200000| Untracked 
|  33|0x0000000084300000, 0x0000000084300000, 0x0000000084400000|  0%| F|  |TAMS 0x0000000084300000, 0x0000000084300000| Untracked 
|  34|0x0000000084400000, 0x0000000084400000, 0x0000000084500000|  0%| F|  |TAMS 0x0000000084400000, 0x0000000084400000| Untracked 
|  35|0x0000000084500000, 0x0000000084500000, 0x0000000084600000|  0%| F|  |TAMS 0x0000000084500000, 0x0000000084500000| Untracked 
|  36|0x0000000084600000, 0x0000000084600000, 0x0000000084700000|  0%| F|  |TAMS 0x0000000084600000, 0x0000000084600000| Untracked 
|  37|0x0000000084700000, 0x0000000084700000, 0x0000000084800000|  0%| F|  |TAMS 0x0000000084700000, 0x0000000084700000| Untracked 
|  38|0x0000000084800000, 0x0000000084800000, 0x0000000084900000|  0%| F|  |TAMS 0x0000000084800000, 0x0000000084800000| Untracked 
|  39|0x0000000084900000, 0x0000000084900000, 0x0000000084a00000|  0%| F|  |TAMS 0x0000000084900000, 0x0000000084900000| Untracked 
|  40|0x0000000084a00000, 0x0000000084a00000, 0x0000000084b00000|  0%| F|  |TAMS 0x0000000084a00000, 0x0000000084a00000| Untracked 
|  41|0x0000000084b00000, 0x0000000084b00000, 0x0000000084c00000|  0%| F|  |TAMS 0x0000000084b00000, 0x0000000084b00000| Untracked 
|  42|0x0000000084c00000, 0x0000000084c00000, 0x0000000084d00000|  0%| F|  |TAMS 0x0000000084c00000, 0x0000000084c00000| Untracked 
|  43|0x0000000084d00000, 0x0000000084d00000, 0x0000000084e00000|  0%| F|  |TAMS 0x0000000084d00000, 0x0000000084d00000| Untracked 
|  44|0x0000000084e00000, 0x0000000084e00000, 0x0000000084f00000|  0%| F|  |TAMS 0x0000000084e00000, 0x0000000084e00000| Untracked 
|  45|0x0000000084f00000, 0x0000000084f00000, 0x0000000085000000|  0%| F|  |TAMS 0x0000000084f00000, 0x0000000084f00000| Untracked 
|  46|0x0000000085000000, 0x0000000085000000, 0x0000000085100000|  0%| F|  |TAMS 0x0000000085000000, 0x0000000085000000| Untracked 
|  47|0x0000000085100000, 0x0000000085100000, 0x0000000085200000|  0%| F|  |TAMS 0x0000000085100000, 0x0000000085100000| Untracked 
|  48|0x0000000085200000, 0x0000000085200000, 0x0000000085300000|  0%| F|  |TAMS 0x0000000085200000, 0x0000000085200000| Untracked 
|  49|0x0000000085300000, 0x000000008533e540, 0x0000000085400000| 24%| S|CS|TAMS 0x0000000085300000, 0x0000000085300000| Complete 
|  50|0x0000000085400000, 0x0000000085500000, 0x0000000085500000|100%| S|CS|TAMS 0x0000000085400000, 0x0000000085400000| Complete 
|  51|0x0000000085500000, 0x0000000085500000, 0x0000000085600000|  0%| F|  |TAMS 0x0000000085500000, 0x0000000085500000| Untracked 
|  52|0x0000000085600000, 0x0000000085600000, 0x0000000085700000|  0%| F|  |TAMS 0x0000000085600000, 0x0000000085600000| Untracked 
|  53|0x0000000085700000, 0x0000000085700000, 0x0000000085800000|  0%| F|  |TAMS 0x0000000085700000, 0x0000000085700000| Untracked 
|  54|0x0000000085800000, 0x0000000085800000, 0x0000000085900000|  0%| F|  |TAMS 0x0000000085800000, 0x0000000085800000| Untracked 
|  55|0x0000000085900000, 0x0000000085900000, 0x0000000085a00000|  0%| F|  |TAMS 0x0000000085900000, 0x0000000085900000| Untracked 
|  56|0x0000000085a00000, 0x0000000085a00000, 0x0000000085b00000|  0%| F|  |TAMS 0x0000000085a00000, 0x0000000085a00000| Untracked 
|  57|0x0000000085b00000, 0x0000000085b00000, 0x0000000085c00000|  0%| F|  |TAMS 0x0000000085b00000, 0x0000000085b00000| Untracked 
|  58|0x0000000085c00000, 0x0000000085c00000, 0x0000000085d00000|  0%| F|  |TAMS 0x0000000085c00000, 0x0000000085c00000| Untracked 
|  59|0x0000000085d00000, 0x0000000085d00000, 0x0000000085e00000|  0%| F|  |TAMS 0x0000000085d00000, 0x0000000085d00000| Untracked 
|  60|0x0000000085e00000, 0x0000000085e00000, 0x0000000085f00000|  0%| F|  |TAMS 0x0000000085e00000, 0x0000000085e00000| Untracked 
|  61|0x0000000085f00000, 0x0000000085f00000, 0x0000000086000000|  0%| F|  |TAMS 0x0000000085f00000, 0x0000000085f00000| Untracked 
|  62|0x0000000086000000, 0x0000000086000000, 0x0000000086100000|  0%| F|  |TAMS 0x0000000086000000, 0x0000000086000000| Untracked 
|  63|0x0000000086100000, 0x0000000086100000, 0x0000000086200000|  0%| F|  |TAMS 0x0000000086100000, 0x0000000086100000| Untracked 
|  64|0x0000000086200000, 0x0000000086200000, 0x0000000086300000|  0%| F|  |TAMS 0x0000000086200000, 0x0000000086200000| Untracked 
|  65|0x0000000086300000, 0x0000000086300000, 0x0000000086400000|  0%| F|  |TAMS 0x0000000086300000, 0x0000000086300000| Untracked 
|  66|0x0000000086400000, 0x0000000086400000, 0x0000000086500000|  0%| F|  |TAMS 0x0000000086400000, 0x0000000086400000| Untracked 
|  67|0x0000000086500000, 0x0000000086500000, 0x0000000086600000|  0%| F|  |TAMS 0x0000000086500000, 0x0000000086500000| Untracked 
|  68|0x0000000086600000, 0x0000000086600000, 0x0000000086700000|  0%| F|  |TAMS 0x0000000086600000, 0x0000000086600000| Untracked 
|  69|0x0000000086700000, 0x0000000086700000, 0x0000000086800000|  0%| F|  |TAMS 0x0000000086700000, 0x0000000086700000| Untracked 
|  70|0x0000000086800000, 0x0000000086800000, 0x0000000086900000|  0%| F|  |TAMS 0x0000000086800000, 0x0000000086800000| Untracked 
|  71|0x0000000086900000, 0x0000000086900000, 0x0000000086a00000|  0%| F|  |TAMS 0x0000000086900000, 0x0000000086900000| Untracked 
|  72|0x0000000086a00000, 0x0000000086a00000, 0x0000000086b00000|  0%| F|  |TAMS 0x0000000086a00000, 0x0000000086a00000| Untracked 
|  73|0x0000000086b00000, 0x0000000086b00000, 0x0000000086c00000|  0%| F|  |TAMS 0x0000000086b00000, 0x0000000086b00000| Untracked 
|  74|0x0000000086c00000, 0x0000000086c00000, 0x0000000086d00000|  0%| F|  |TAMS 0x0000000086c00000, 0x0000000086c00000| Untracked 
|  75|0x0000000086d00000, 0x0000000086d00000, 0x0000000086e00000|  0%| F|  |TAMS 0x0000000086d00000, 0x0000000086d00000| Untracked 
|  76|0x0000000086e00000, 0x0000000086e00000, 0x0000000086f00000|  0%| F|  |TAMS 0x0000000086e00000, 0x0000000086e00000| Untracked 
|  77|0x0000000086f00000, 0x0000000086f00000, 0x0000000087000000|  0%| F|  |TAMS 0x0000000086f00000, 0x0000000086f00000| Untracked 
|  78|0x0000000087000000, 0x0000000087000000, 0x0000000087100000|  0%| F|  |TAMS 0x0000000087000000, 0x0000000087000000| Untracked 
|  79|0x0000000087100000, 0x0000000087100000, 0x0000000087200000|  0%| F|  |TAMS 0x0000000087100000, 0x0000000087100000| Untracked 
|  80|0x0000000087200000, 0x0000000087200000, 0x0000000087300000|  0%| F|  |TAMS 0x0000000087200000, 0x0000000087200000| Untracked 
|  81|0x0000000087300000, 0x0000000087300000, 0x0000000087400000|  0%| F|  |TAMS 0x0000000087300000, 0x0000000087300000| Untracked 
|  82|0x0000000087400000, 0x0000000087400000, 0x0000000087500000|  0%| F|  |TAMS 0x0000000087400000, 0x0000000087400000| Untracked 
|  83|0x0000000087500000, 0x0000000087500000, 0x0000000087600000|  0%| F|  |TAMS 0x0000000087500000, 0x0000000087500000| Untracked 
|  84|0x0000000087600000, 0x0000000087600000, 0x0000000087700000|  0%| F|  |TAMS 0x0000000087600000, 0x0000000087600000| Untracked 
|  85|0x0000000087700000, 0x0000000087700000, 0x0000000087800000|  0%| F|  |TAMS 0x0000000087700000, 0x0000000087700000| Untracked 
|  86|0x0000000087800000, 0x0000000087800000, 0x0000000087900000|  0%| F|  |TAMS 0x0000000087800000, 0x0000000087800000| Untracked 
|  87|0x0000000087900000, 0x0000000087900000, 0x0000000087a00000|  0%| F|  |TAMS 0x0000000087900000, 0x0000000087900000| Untracked 
|  88|0x0000000087a00000, 0x0000000087a00000, 0x0000000087b00000|  0%| F|  |TAMS 0x0000000087a00000, 0x0000000087a00000| Untracked 
|  89|0x0000000087b00000, 0x0000000087b00000, 0x0000000087c00000|  0%| F|  |TAMS 0x0000000087b00000, 0x0000000087b00000| Untracked 
|  90|0x0000000087c00000, 0x0000000087c00000, 0x0000000087d00000|  0%| F|  |TAMS 0x0000000087c00000, 0x0000000087c00000| Untracked 
|  91|0x0000000087d00000, 0x0000000087d00000, 0x0000000087e00000|  0%| F|  |TAMS 0x0000000087d00000, 0x0000000087d00000| Untracked 
|  92|0x0000000087e00000, 0x0000000087e00000, 0x0000000087f00000|  0%| F|  |TAMS 0x0000000087e00000, 0x0000000087e00000| Untracked 
|  93|0x0000000087f00000, 0x0000000087f00000, 0x0000000088000000|  0%| F|  |TAMS 0x0000000087f00000, 0x0000000087f00000| Untracked 
|  94|0x0000000088000000, 0x0000000088000000, 0x0000000088100000|  0%| F|  |TAMS 0x0000000088000000, 0x0000000088000000| Untracked 
|  95|0x0000000088100000, 0x0000000088100000, 0x0000000088200000|  0%| F|  |TAMS 0x0000000088100000, 0x0000000088100000| Untracked 
|  96|0x0000000088200000, 0x0000000088200000, 0x0000000088300000|  0%| F|  |TAMS 0x0000000088200000, 0x0000000088200000| Untracked 
|  97|0x0000000088300000, 0x0000000088300000, 0x0000000088400000|  0%| F|  |TAMS 0x0000000088300000, 0x0000000088300000| Untracked 
|  98|0x0000000088400000, 0x0000000088400000, 0x0000000088500000|  0%| F|  |TAMS 0x0000000088400000, 0x0000000088400000| Untracked 
|  99|0x0000000088500000, 0x0000000088500000, 0x0000000088600000|  0%| F|  |TAMS 0x0000000088500000, 0x0000000088500000| Untracked 
| 100|0x0000000088600000, 0x0000000088600000, 0x0000000088700000|  0%| F|  |TAMS 0x0000000088600000, 0x0000000088600000| Untracked 
| 101|0x0000000088700000, 0x0000000088700000, 0x0000000088800000|  0%| F|  |TAMS 0x0000000088700000, 0x0000000088700000| Untracked 
| 102|0x0000000088800000, 0x0000000088800000, 0x0000000088900000|  0%| F|  |TAMS 0x0000000088800000, 0x0000000088800000| Untracked 
| 103|0x0000000088900000, 0x0000000088900000, 0x0000000088a00000|  0%| F|  |TAMS 0x0000000088900000, 0x0000000088900000| Untracked 
| 104|0x0000000088a00000, 0x0000000088b00000, 0x0000000088b00000|100%| E|  |TAMS 0x0000000088a00000, 0x0000000088a00000| Complete 
| 105|0x0000000088b00000, 0x0000000088c00000, 0x0000000088c00000|100%| E|CS|TAMS 0x0000000088b00000, 0x0000000088b00000| Complete 
| 106|0x0000000088c00000, 0x0000000088d00000, 0x0000000088d00000|100%| E|CS|TAMS 0x0000000088c00000, 0x0000000088c00000| Complete 
| 107|0x0000000088d00000, 0x0000000088e00000, 0x0000000088e00000|100%| E|CS|TAMS 0x0000000088d00000, 0x0000000088d00000| Complete 
| 108|0x0000000088e00000, 0x0000000088f00000, 0x0000000088f00000|100%| E|CS|TAMS 0x0000000088e00000, 0x0000000088e00000| Complete 
| 109|0x0000000088f00000, 0x0000000089000000, 0x0000000089000000|100%| E|CS|TAMS 0x0000000088f00000, 0x0000000088f00000| Complete 
| 110|0x0000000089000000, 0x0000000089100000, 0x0000000089100000|100%| E|CS|TAMS 0x0000000089000000, 0x0000000089000000| Complete 
| 111|0x0000000089100000, 0x0000000089200000, 0x0000000089200000|100%| E|CS|TAMS 0x0000000089100000, 0x0000000089100000| Complete 
| 112|0x0000000089200000, 0x0000000089300000, 0x0000000089300000|100%| E|CS|TAMS 0x0000000089200000, 0x0000000089200000| Complete 
| 113|0x0000000089300000, 0x0000000089400000, 0x0000000089400000|100%| E|CS|TAMS 0x0000000089300000, 0x0000000089300000| Complete 
| 114|0x0000000089400000, 0x0000000089500000, 0x0000000089500000|100%| E|CS|TAMS 0x0000000089400000, 0x0000000089400000| Complete 
| 115|0x0000000089500000, 0x0000000089600000, 0x0000000089600000|100%| E|CS|TAMS 0x0000000089500000, 0x0000000089500000| Complete 
| 116|0x0000000089600000, 0x0000000089700000, 0x0000000089700000|100%| E|CS|TAMS 0x0000000089600000, 0x0000000089600000| Complete 
| 117|0x0000000089700000, 0x0000000089800000, 0x0000000089800000|100%| E|  |TAMS 0x0000000089700000, 0x0000000089700000| Complete 
| 118|0x0000000089800000, 0x0000000089900000, 0x0000000089900000|100%| E|CS|TAMS 0x0000000089800000, 0x0000000089800000| Complete 
| 119|0x0000000089900000, 0x0000000089a00000, 0x0000000089a00000|100%| E|CS|TAMS 0x0000000089900000, 0x0000000089900000| Complete 
| 120|0x0000000089a00000, 0x0000000089b00000, 0x0000000089b00000|100%| E|CS|TAMS 0x0000000089a00000, 0x0000000089a00000| Complete 
| 121|0x0000000089b00000, 0x0000000089c00000, 0x0000000089c00000|100%| E|CS|TAMS 0x0000000089b00000, 0x0000000089b00000| Complete 
| 122|0x0000000089c00000, 0x0000000089d00000, 0x0000000089d00000|100%| E|CS|TAMS 0x0000000089c00000, 0x0000000089c00000| Complete 
| 123|0x0000000089d00000, 0x0000000089e00000, 0x0000000089e00000|100%| E|CS|TAMS 0x0000000089d00000, 0x0000000089d00000| Complete 
| 124|0x0000000089e00000, 0x0000000089f00000, 0x0000000089f00000|100%| E|CS|TAMS 0x0000000089e00000, 0x0000000089e00000| Complete 
| 125|0x0000000089f00000, 0x000000008a000000, 0x000000008a000000|100%| E|CS|TAMS 0x0000000089f00000, 0x0000000089f00000| Complete 

Card table byte_map: [0x0000023b3fa90000,0x0000023b3fe80000] _byte_map_base: 0x0000023b3f67f000

Marking Bits (Prev, Next): (CMBitMap*) 0x0000023b28e74d30, (CMBitMap*) 0x0000023b28e74d70
 Prev Bits: [0x0000023b40270000, 0x0000023b421e8000)
 Next Bits: [0x0000023b421f0000, 0x0000023b44168000)

Polling page: 0x0000023b26cb0000

Metaspace:

Usage:
  Non-class:     14.01 MB used.
      Class:      1.77 MB used.
       Both:     15.78 MB used.

Virtual space:
  Non-class space:       16.00 MB reserved,      14.06 MB ( 88%) committed,  2 nodes.
      Class space:        1.00 GB reserved,       1.94 MB ( <1%) committed,  1 nodes.
             Both:        1.02 GB reserved,      16.00 MB (  2%) committed. 

Chunk freelists:
   Non-Class:  1.00 MB
       Class:  2.11 MB
        Both:  3.11 MB

MaxMetaspaceSize: unlimited
CompressedClassSpaceSize: 1.00 GB
Initial GC threshold: 21.00 MB
Current GC threshold: 21.00 MB
CDS: on
MetaspaceReclaimPolicy: balanced
 - commit_granule_bytes: 65536.
 - commit_granule_words: 8192.
 - virtual_space_node_default_size: 1048576.
 - enlarge_chunks_in_place: 1.
 - new_chunks_are_fully_committed: 0.
 - uncommit_free_chunks: 1.
 - use_allocation_guard: 0.
 - handle_deallocations: 1.


Internal statistics:

num_allocs_failed_limit: 0.
num_arena_births: 166.
num_arena_deaths: 0.
num_vsnodes_births: 3.
num_vsnodes_deaths: 0.
num_space_committed: 256.
num_space_uncommitted: 0.
num_chunks_returned_to_freelist: 0.
num_chunks_taken_from_freelist: 303.
num_chunk_merges: 0.
num_chunk_splits: 148.
num_chunks_enlarged: 36.
num_purges: 0.
num_inconsistent_stats: 0.

CodeHeap 'non-profiled nmethods': size=120000Kb used=773Kb max_used=773Kb free=119226Kb
 bounds [0x0000023b38170000, 0x0000023b383e0000, 0x0000023b3f6a0000]
CodeHeap 'profiled nmethods': size=120000Kb used=3545Kb max_used=3545Kb free=116454Kb
 bounds [0x0000023b30c40000, 0x0000023b30fc0000, 0x0000023b38170000]
CodeHeap 'non-nmethods': size=5760Kb used=1339Kb max_used=1381Kb free=4420Kb
 bounds [0x0000023b306a0000, 0x0000023b30910000, 0x0000023b30c40000]
 total_blobs=2674 nmethods=1997 adapters=590
 compilation: enabled
              stopped_count=0, restarted_count=0
 full_count=0

Compilation events (20 events):
Event: 3.728 Thread 0x0000023b466110b0 nmethod 1991 0x0000023b38230010 code [0x0000023b382301a0, 0x0000023b38230638]
Event: 3.729 Thread 0x0000023b466110b0 1983       4       java.util.LinkedHashMap::newNode (23 bytes)
Event: 3.730 Thread 0x0000023b46614dd0 1993       3       java.lang.CharacterDataLatin1::isDigit (18 bytes)
Event: 3.731 Thread 0x0000023b46614dd0 nmethod 1993 0x0000023b30fac590 code [0x0000023b30fac720, 0x0000023b30fac8b8]
Event: 3.733 Thread 0x0000023b46614dd0 1994       3       javax.swing.text.html.CSS$ShorthandBorderParser::parseShorthandBorder (212 bytes)
Event: 3.734 Thread 0x0000023b46614dd0 nmethod 1994 0x0000023b30fac990 code [0x0000023b30facbe0, 0x0000023b30fad8a8]
Event: 3.734 Thread 0x0000023b46614dd0 1995       3       java.util.Formatter::parse (216 bytes)
Event: 3.735 Thread 0x0000023b466110b0 nmethod 1983 0x0000023b38230890 code [0x0000023b38230a20, 0x0000023b38230ef8]
Event: 3.735 Thread 0x0000023b466110b0 1985       4       java.util.LinkedHashMap::afterNodeInsertion (40 bytes)
Event: 3.736 Thread 0x0000023b466110b0 nmethod 1985 0x0000023b38230f90 code [0x0000023b38231100, 0x0000023b38231198]
Event: 3.736 Thread 0x0000023b466110b0 1992       4       java.util.LinkedHashMap$Entry::<init> (10 bytes)
Event: 3.739 Thread 0x0000023b46614dd0 nmethod 1995 0x0000023b30fadd10 code [0x0000023b30fae200, 0x0000023b30fb0988]
Event: 3.739 Thread 0x0000023b46614dd0 1997   !   3       java.util.Formatter::format (283 bytes)
Event: 3.741 Thread 0x0000023b46614dd0 nmethod 1997 0x0000023b30fb1a90 code [0x0000023b30fb1dc0, 0x0000023b30fb3018]
Event: 3.742 Thread 0x0000023b466110b0 nmethod 1992 0x0000023b38231290 code [0x0000023b38231400, 0x0000023b38231738]
Event: 3.742 Thread 0x0000023b466110b0 1998       4       javax.swing.text.html.CSSParser::parseDeclaration (96 bytes)
Event: 3.773 Thread 0x0000023b46614dd0 2000       3       javax.swing.text.html.CSS$BorderStyle::parseCssValue (94 bytes)
Event: 3.774 Thread 0x0000023b46614dd0 nmethod 2000 0x0000023b30fb3b90 code [0x0000023b30fb3da0, 0x0000023b30fb45c8]
Event: 3.774 Thread 0x0000023b46614dd0 2001       3       javax.swing.text.html.CSS::getValue (11 bytes)
Event: 3.775 Thread 0x0000023b46614dd0 nmethod 2001 0x0000023b30fb4790 code [0x0000023b30fb4940, 0x0000023b30fb4be8]

GC Heap History (8 events):
Event: 1.467 GC heap before
{Heap before GC invocations=0 (full 0):
 garbage-first heap   total 129024K, used 13312K [0x0000000082200000, 0x0000000100000000)
  region size 1024K, 13 young (13312K), 0 survivors (0K)
 Metaspace       used 10964K, committed 11200K, reserved 1064960K
  class space    used 1232K, committed 1344K, reserved 1048576K
}
Event: 1.485 GC heap after
{Heap after GC invocations=1 (full 0):
 garbage-first heap   total 129024K, used 4213K [0x0000000082200000, 0x0000000100000000)
  region size 1024K, 2 young (2048K), 2 survivors (2048K)
 Metaspace       used 10964K, committed 11200K, reserved 1064960K
  class space    used 1232K, committed 1344K, reserved 1048576K
}
Event: 3.128 GC heap before
{Heap before GC invocations=1 (full 0):
 garbage-first heap   total 129024K, used 13429K [0x0000000082200000, 0x0000000100000000)
  region size 1024K, 8 young (8192K), 2 survivors (2048K)
 Metaspace       used 15930K, committed 16192K, reserved 1064960K
  class space    used 1811K, committed 1920K, reserved 1048576K
}
Event: 3.155 GC heap after
{Heap after GC invocations=2 (full 0):
 garbage-first heap   total 129024K, used 8690K [0x0000000082200000, 0x0000000100000000)
  region size 1024K, 1 young (1024K), 1 survivors (1024K)
 Metaspace       used 15930K, committed 16192K, reserved 1064960K
  class space    used 1811K, committed 1920K, reserved 1048576K
}
Event: 3.278 GC heap before
{Heap before GC invocations=2 (full 0):
 garbage-first heap   total 129024K, used 27122K [0x0000000082200000, 0x0000000100000000)
  region size 1024K, 20 young (20480K), 1 survivors (1024K)
 Metaspace       used 15934K, committed 16192K, reserved 1064960K
  class space    used 1812K, committed 1920K, reserved 1048576K
}
Event: 3.281 GC heap after
{Heap after GC invocations=3 (full 0):
 garbage-first heap   total 129024K, used 8826K [0x0000000082200000, 0x0000000100000000)
  region size 1024K, 2 young (2048K), 2 survivors (2048K)
 Metaspace       used 15934K, committed 16192K, reserved 1064960K
  class space    used 1812K, committed 1920K, reserved 1048576K
}
Event: 3.394 GC heap before
{Heap before GC invocations=3 (full 0):
 garbage-first heap   total 129024K, used 82554K [0x0000000082200000, 0x0000000100000000)
  region size 1024K, 75 young (76800K), 2 survivors (2048K)
 Metaspace       used 15966K, committed 16192K, reserved 1064960K
  class space    used 1812K, committed 1920K, reserved 1048576K
}
Event: 3.397 GC heap after
{Heap after GC invocations=4 (full 0):
 garbage-first heap   total 129024K, used 8939K [0x0000000082200000, 0x0000000100000000)
  region size 1024K, 2 young (2048K), 2 survivors (2048K)
 Metaspace       used 15966K, committed 16192K, reserved 1064960K
  class space    used 1812K, committed 1920K, reserved 1048576K
}

Deoptimization events (20 events):
Event: 3.716 Thread 0x0000023b47075290 DEOPT PACKING pc=0x0000023b30f5e66d sp=0x000000e241ffe6a0
Event: 3.716 Thread 0x0000023b47075290 DEOPT UNPACKING pc=0x0000023b306f2b43 sp=0x000000e241ffdbb8 mode 0
Event: 3.723 Thread 0x0000023b47075290 DEOPT PACKING pc=0x0000023b30f5e66d sp=0x000000e241ffe6a0
Event: 3.723 Thread 0x0000023b47075290 DEOPT UNPACKING pc=0x0000023b306f2b43 sp=0x000000e241ffdbb8 mode 0
Event: 3.731 Thread 0x0000023b47075290 DEOPT PACKING pc=0x0000023b30f5e66d sp=0x000000e241ffe6a0
Event: 3.731 Thread 0x0000023b47075290 DEOPT UNPACKING pc=0x0000023b306f2b43 sp=0x000000e241ffdbb8 mode 0
Event: 3.740 Thread 0x0000023b47075290 DEOPT PACKING pc=0x0000023b30f5e66d sp=0x000000e241ffe6a0
Event: 3.740 Thread 0x0000023b47075290 DEOPT UNPACKING pc=0x0000023b306f2b43 sp=0x000000e241ffdbb8 mode 0
Event: 3.746 Thread 0x0000023b47075290 DEOPT PACKING pc=0x0000023b30f5e66d sp=0x000000e241ffe6a0
Event: 3.746 Thread 0x0000023b47075290 DEOPT UNPACKING pc=0x0000023b306f2b43 sp=0x000000e241ffdbb8 mode 0
Event: 3.749 Thread 0x0000023b47075290 DEOPT PACKING pc=0x0000023b30f5e66d sp=0x000000e241ffe6a0
Event: 3.749 Thread 0x0000023b47075290 DEOPT UNPACKING pc=0x0000023b306f2b43 sp=0x000000e241ffdbb8 mode 0
Event: 3.753 Thread 0x0000023b47075290 DEOPT PACKING pc=0x0000023b30f5e66d sp=0x000000e241ffe6a0
Event: 3.753 Thread 0x0000023b47075290 DEOPT UNPACKING pc=0x0000023b306f2b43 sp=0x000000e241ffdbb8 mode 0
Event: 3.756 Thread 0x0000023b47075290 DEOPT PACKING pc=0x0000023b30f5e66d sp=0x000000e241ffe6a0
Event: 3.756 Thread 0x0000023b47075290 DEOPT UNPACKING pc=0x0000023b306f2b43 sp=0x000000e241ffdbb8 mode 0
Event: 3.764 Thread 0x0000023b47075290 DEOPT PACKING pc=0x0000023b30f5e66d sp=0x000000e241ffe6a0
Event: 3.764 Thread 0x0000023b47075290 DEOPT UNPACKING pc=0x0000023b306f2b43 sp=0x000000e241ffdbb8 mode 0
Event: 3.771 Thread 0x0000023b47075290 DEOPT PACKING pc=0x0000023b30f5e66d sp=0x000000e241ffe6a0
Event: 3.771 Thread 0x0000023b47075290 DEOPT UNPACKING pc=0x0000023b306f2b43 sp=0x000000e241ffdbb8 mode 0

Classes unloaded (0 events):
No events

Classes redefined (0 events):
No events

Internal exceptions (20 events):
Event: 0.263 Thread 0x0000023b28e1a090 Exception <a 'java/io/FileNotFoundException'{0x0000000089d525a0}> (0x0000000089d525a0) 
thrown [s\open\src\hotspot\share\prims\jni.cpp, line 516]
Event: 0.280 Thread 0x0000023b28e1a090 Exception <a 'java/io/FileNotFoundException'{0x0000000089d7f498}> (0x0000000089d7f498) 
thrown [s\open\src\hotspot\share\prims\jni.cpp, line 516]
Event: 0.370 Thread 0x0000023b28e1a090 Exception <a 'java/lang/NoSuchMethodError'{0x0000000089dc3970}: 'java.lang.Object java.lang.invoke.DirectMethodHandle$Holder.invokeStaticInit(java.lang.Object)'> (0x0000000089dc3970) 
thrown [s\open\src\hotspot\share\interpreter\linkResolver.cpp, line 759]
Event: 0.470 Thread 0x0000023b28e1a090 Exception <a 'java/lang/NoSuchMethodError'{0x0000000089c50ed8}: 'void java.lang.invoke.DirectMethodHandle$Holder.invokeSpecial(java.lang.Object, java.lang.Object, java.lang.Object)'> (0x0000000089c50ed8) 
thrown [s\open\src\hotspot\share\interpreter\linkResolver.cpp, line 759]
Event: 0.492 Thread 0x0000023b28e1a090 Exception <a 'java/lang/NoSuchMethodError'{0x0000000089c7b0d0}: 'java.lang.Object java.lang.invoke.DirectMethodHandle$Holder.newInvokeSpecial(java.lang.Object, java.lang.Object, java.lang.Object, java.lang.Object, java.lang.Object)'> (0x0000000089c7b0d0) 
thrown [s\open\src\hotspot\share\interpreter\linkResolver.cpp, line 759]
Event: 0.496 Thread 0x0000023b28e1a090 Exception <a 'java/lang/NoSuchMethodError'{0x0000000089c86cf8}: 'java.lang.Object java.lang.invoke.DirectMethodHandle$Holder.invokeStatic(java.lang.Object, int, java.lang.Object, java.lang.Object, java.lang.Object, java.lang.Object)'> (0x0000000089c86cf8) 
thrown [s\open\src\hotspot\share\interpreter\linkResolver.cpp, line 759]
Event: 0.508 Thread 0x0000023b28e1a090 Exception <a 'java/lang/NoSuchMethodError'{0x0000000089cac4b8}: 'java.lang.Object java.lang.invoke.DirectMethodHandle$Holder.invokeStatic(java.lang.Object, int, java.lang.Object)'> (0x0000000089cac4b8) 
thrown [s\open\src\hotspot\share\interpreter\linkResolver.cpp, line 759]
Event: 0.568 Thread 0x0000023b28e1a090 Exception <a 'java/lang/ClassNotFoundException'{0x0000000089b64658}: com/sun/swing/internal/plaf/metal/resources/spi/metalProvider> (0x0000000089b64658) 
thrown [s\open\src\hotspot\share\classfile\systemDictionary.cpp, line 256]
Event: 0.570 Thread 0x0000023b28e1a090 Exception <a 'java/lang/ClassNotFoundException'{0x0000000089b684e8}: com/sun/swing/internal/plaf/basic/resources/spi/basicProvider> (0x0000000089b684e8) 
thrown [s\open\src\hotspot\share\classfile\systemDictionary.cpp, line 256]
Event: 0.789 Thread 0x0000023b28e1a090 Exception <a 'sun/nio/fs/WindowsException'{0x00000000899a77b8}> (0x00000000899a77b8) 
thrown [s\open\src\hotspot\share\prims\jni.cpp, line 516]
Event: 0.814 Thread 0x0000023b28e1a090 Exception <a 'java/lang/NoSuchMethodError'{0x00000000899d09b0}: 'int java.lang.invoke.DirectMethodHandle$Holder.invokeStaticInit(java.lang.Object, java.lang.Object, java.lang.Object, java.lang.Object)'> (0x00000000899d09b0) 
thrown [s\open\src\hotspot\share\interpreter\linkResolver.cpp, line 759]
Event: 0.816 Thread 0x0000023b28e1a090 Exception <a 'java/lang/NoSuchMethodError'{0x00000000899da1e0}: 'java.lang.Object java.lang.invoke.DirectMethodHandle$Holder.invokeInterface(java.lang.Object, java.lang.Object)'> (0x00000000899da1e0) 
thrown [s\open\src\hotspot\share\interpreter\linkResolver.cpp, line 759]
Event: 0.817 Thread 0x0000023b28e1a090 Exception <a 'java/lang/IncompatibleClassChangeError'{0x00000000899dd9d8}: Found class java.lang.Object, but interface was expected> (0x00000000899dd9d8) 
thrown [s\open\src\hotspot\share\interpreter\linkResolver.cpp, line 826]
Event: 0.817 Thread 0x0000023b28e1a090 Exception <a 'java/lang/NoSuchMethodError'{0x00000000899e0950}: 'void java.lang.invoke.DirectMethodHandle$Holder.invokeStatic(java.lang.Object, java.lang.Object)'> (0x00000000899e0950) 
thrown [s\open\src\hotspot\share\interpreter\linkResolver.cpp, line 759]
Event: 0.818 Thread 0x0000023b28e1a090 Exception <a 'java/lang/NoSuchMethodError'{0x00000000899e4268}: 'void java.lang.invoke.DirectMethodHandle$Holder.invokeStaticInit(java.lang.Object, java.lang.Object)'> (0x00000000899e4268) 
thrown [s\open\src\hotspot\share\interpreter\linkResolver.cpp, line 759]
Event: 0.821 Thread 0x0000023b28e1a090 Exception <a 'java/lang/NoSuchMethodError'{0x00000000899ee438}: 'int java.lang.invoke.DirectMethodHandle$Holder.invokeStaticInit(java.lang.Object, java.lang.Object)'> (0x00000000899ee438) 
thrown [s\open\src\hotspot\share\interpreter\linkResolver.cpp, line 759]
Event: 1.010 Thread 0x0000023b28e1a090 Exception <a 'java/lang/NoSuchMethodError'{0x00000000895e97a8}: 'java.lang.Object java.lang.invoke.DirectMethodHandle$Holder.invokeStaticInit(java.lang.Object, int, int, int, int)'> (0x00000000895e97a8) 
thrown [s\open\src\hotspot\share\interpreter\linkResolver.cpp, line 759]
Event: 1.143 Thread 0x0000023b28e1a090 Exception <a 'java/lang/NoSuchMethodError'{0x000000008945c530}: 'java.lang.Object java.lang.invoke.DirectMethodHandle$Holder.invokeStaticInit(java.lang.Object, java.lang.Object, int, int, int, int)'> (0x000000008945c530) 
thrown [s\open\src\hotspot\share\interpreter\linkResolver.cpp, line 759]
Event: 2.330 Thread 0x0000023b47077910 Exception <a 'java/lang/NoSuchMethodError'{0x0000000089cb4e48}: 'void java.lang.invoke.DirectMethodHandle$Holder.invokeVirtual(java.lang.Object, java.lang.Object)'> (0x0000000089cb4e48) 
thrown [s\open\src\hotspot\share\interpreter\linkResolver.cpp, line 759]
Event: 2.371 Thread 0x0000023b28e1a090 Exception <a 'java/lang/NoSuchMethodError'{0x0000000089c54ba8}: 'void java.lang.invoke.DirectMethodHandle$Holder.invokeStaticInit(java.lang.Object)'> (0x0000000089c54ba8) 
thrown [s\open\src\hotspot\share\interpreter\linkResolver.cpp, line 759]

VM Operations (20 events):
Event: 1.924 Executing VM operation: HandshakeAllThreads
Event: 1.924 Executing VM operation: HandshakeAllThreads done
Event: 1.927 Executing VM operation: HandshakeAllThreads
Event: 1.927 Executing VM operation: HandshakeAllThreads done
Event: 2.429 Executing VM operation: HandshakeAllThreads
Event: 2.429 Executing VM operation: HandshakeAllThreads done
Event: 2.499 Executing VM operation: HandshakeAllThreads
Event: 2.499 Executing VM operation: HandshakeAllThreads done
Event: 2.499 Executing VM operation: Cleanup
Event: 2.499 Executing VM operation: Cleanup done
Event: 2.590 Executing VM operation: HandshakeAllThreads
Event: 2.590 Executing VM operation: HandshakeAllThreads done
Event: 3.128 Executing VM operation: G1CollectForAllocation
Event: 3.155 Executing VM operation: G1CollectForAllocation done
Event: 3.278 Executing VM operation: G1CollectForAllocation
Event: 3.281 Executing VM operation: G1CollectForAllocation done
Event: 3.394 Executing VM operation: G1CollectForAllocation
Event: 3.397 Executing VM operation: G1CollectForAllocation done
Event: 3.483 Executing VM operation: HandshakeAllThreads
Event: 3.483 Executing VM operation: HandshakeAllThreads done

Events (20 events):
Event: 2.648 loading class java/util/concurrent/ConcurrentLinkedQueue$Itr
Event: 2.649 loading class java/util/concurrent/ConcurrentLinkedQueue$Itr done
Event: 2.894 loading class sun/net/www/http/KeepAliveCache$1
Event: 2.894 loading class sun/net/www/http/KeepAliveCache$1 done
Event: 2.895 Thread 0x0000023b4840fe00 Thread added: 0x0000023b4840fe00
Event: 2.896 loading class sun/net/www/http/ClientVector
Event: 2.896 loading class sun/net/www/http/ClientVector done
Event: 2.897 loading class sun/net/www/http/KeepAliveEntry
Event: 2.897 Thread 0x0000023b4840dc50 Thread added: 0x0000023b4840dc50
Event: 2.897 loading class sun/net/www/http/KeepAliveEntry done
Event: 2.901 Thread 0x0000023b4840dc50 Thread exited: 0x0000023b4840dc50
Event: 3.157 Thread 0x0000023b483402c0 Thread added: 0x0000023b483402c0
Event: 3.174 loading class jdk/internal/access/foreign/MemorySegmentProxy
Event: 3.175 loading class jdk/internal/access/foreign/MemorySegmentProxy done
Event: 3.408 loading class java/io/StringReader
Event: 3.409 loading class java/io/StringReader done
Event: 3.414 loading class javax/swing/text/html/CSS$ShorthandBackgroundParser
Event: 3.415 loading class javax/swing/text/html/CSS$ShorthandBackgroundParser done
Event: 3.419 loading class javax/swing/text/html/CSS$ShorthandBorderParser
Event: 3.419 loading class javax/swing/text/html/CSS$ShorthandBorderParser done


Dynamic libraries:
0x00007ff682850000 - 0x00007ff682860000 	C:\Program Files\Java\jdk-17.0.5\bin\java.exe
0x00007ff8b57d0000 - 0x00007ff8b59c5000 	C:\Windows\SYSTEM32\ntdll.dll
0x00007ff8b56d0000 - 0x00007ff8b578e000 	C:\Windows\System32\KERNEL32.DLL
0x00007ff8b2f50000 - 0x00007ff8b3218000 	C:\Windows\System32\KERNELBASE.dll
0x00007ff8b32b0000 - 0x00007ff8b33b0000 	C:\Windows\System32\ucrtbase.dll
0x00007ff8ad820000 - 0x00007ff8ad83a000 	C:\Program Files\Java\jdk-17.0.5\bin\VCRUNTIME140.dll
0x00007ff89c0c0000 - 0x00007ff89c0d8000 	C:\Program Files\Java\jdk-17.0.5\bin\jli.dll
0x00007ff8b4c90000 - 0x00007ff8b4d3c000 	C:\Windows\System32\ADVAPI32.dll
0x00007ff8b4040000 - 0x00007ff8b40de000 	C:\Windows\System32\msvcrt.dll
0x00007ff8b55c0000 - 0x00007ff8b565b000 	C:\Windows\System32\sechost.dll
0x00007ff8b5270000 - 0x00007ff8b539a000 	C:\Windows\System32\RPCRT4.dll
0x00007ff8b5410000 - 0x00007ff8b55b1000 	C:\Windows\System32\USER32.dll
0x00007ff89dc50000 - 0x00007ff89deea000 	C:\Windows\WinSxS\amd64_microsoft.windows.common-controls_6595b64144ccf1df_6.0.19041.1110_none_60b5254171f9507e\COMCTL32.dll
0x00007ff8b2f20000 - 0x00007ff8b2f42000 	C:\Windows\System32\win32u.dll
0x00007ff8b4350000 - 0x00007ff8b437b000 	C:\Windows\System32\GDI32.dll
0x00007ff8b3670000 - 0x00007ff8b377b000 	C:\Windows\System32\gdi32full.dll
0x00007ff8b3780000 - 0x00007ff8b381d000 	C:\Windows\System32\msvcp_win.dll
0x00007ff8a1180000 - 0x00007ff8a118a000 	C:\Windows\SYSTEM32\VERSION.dll
0x00007ff8b40e0000 - 0x00007ff8b4110000 	C:\Windows\System32\IMM32.DLL
0x00007ff8a5230000 - 0x00007ff8a523c000 	C:\Program Files\Java\jdk-17.0.5\bin\vcruntime140_1.dll
0x00007ff8633e0000 - 0x00007ff86346d000 	C:\Program Files\Java\jdk-17.0.5\bin\msvcp140.dll
0x00007ff85c530000 - 0x00007ff85d0f2000 	C:\Program Files\Java\jdk-17.0.5\bin\server\jvm.dll
0x00007ff8b4030000 - 0x00007ff8b4038000 	C:\Windows\System32\PSAPI.DLL
0x00007ff8ad850000 - 0x00007ff8ad859000 	C:\Windows\SYSTEM32\WSOCK32.dll
0x00007ff8a1020000 - 0x00007ff8a1047000 	C:\Windows\SYSTEM32\WINMM.dll
0x00007ff8b53a0000 - 0x00007ff8b540b000 	C:\Windows\System32\WS2_32.dll
0x00007ff8b0df0000 - 0x00007ff8b0e02000 	C:\Windows\SYSTEM32\kernel.appcore.dll
0x00007ff8a2f60000 - 0x00007ff8a2f6a000 	C:\Program Files\Java\jdk-17.0.5\bin\jimage.dll
0x00007ff89fa20000 - 0x00007ff89fc04000 	C:\Windows\SYSTEM32\DBGHELP.DLL
0x00007ff89f3a0000 - 0x00007ff89f3cc000 	C:\Windows\SYSTEM32\dbgcore.DLL
0x00007ff8b3220000 - 0x00007ff8b32a3000 	C:\Windows\System32\bcryptPrimitives.dll
0x00007ff899e10000 - 0x00007ff899e35000 	C:\Program Files\Java\jdk-17.0.5\bin\java.dll
0x00007ff863280000 - 0x00007ff863356000 	C:\Program Files\Java\jdk-17.0.5\bin\jsvml.dll
0x00007ff8b4550000 - 0x00007ff8b4c8f000 	C:\Windows\System32\SHELL32.dll
0x00007ff8b0ff0000 - 0x00007ff8b1780000 	C:\Windows\SYSTEM32\windows.storage.dll
0x00007ff8b3820000 - 0x00007ff8b3b75000 	C:\Windows\System32\combase.dll
0x00007ff8b2870000 - 0x00007ff8b289e000 	C:\Windows\SYSTEM32\Wldp.dll
0x00007ff8b51c0000 - 0x00007ff8b526d000 	C:\Windows\System32\SHCORE.dll
0x00007ff8b5660000 - 0x00007ff8b56b5000 	C:\Windows\System32\shlwapi.dll
0x00007ff8b2e30000 - 0x00007ff8b2e4f000 	C:\Windows\SYSTEM32\profapi.dll
0x00007ff89f180000 - 0x00007ff89f199000 	C:\Program Files\Java\jdk-17.0.5\bin\net.dll
0x00007ff8ac150000 - 0x00007ff8ac25c000 	C:\Windows\SYSTEM32\WINHTTP.dll
0x00007ff8b25d0000 - 0x00007ff8b263a000 	C:\Windows\system32\mswsock.dll
0x00007ff8913d0000 - 0x00007ff8913e6000 	C:\Program Files\Java\jdk-17.0.5\bin\nio.dll
0x00007ff8912a0000 - 0x00007ff8912b8000 	C:\Program Files\Java\jdk-17.0.5\bin\zip.dll
0x00007ff8621c0000 - 0x00007ff86234f000 	C:\Program Files\Java\jdk-17.0.5\bin\awt.dll
0x00007ff8b3f60000 - 0x00007ff8b402d000 	C:\Windows\System32\OLEAUT32.dll
0x00007ff8b0860000 - 0x00007ff8b08f0000 	C:\Windows\SYSTEM32\apphelp.dll
0x00007ff8b0c10000 - 0x00007ff8b0c3f000 	C:\Windows\system32\DWMAPI.DLL
0x00007ff8b0910000 - 0x00007ff8b09ae000 	C:\Windows\system32\uxtheme.dll
0x00007ff894250000 - 0x00007ff894375000 	C:\Windows\system32\opengl32.dll
0x00007ff89c620000 - 0x00007ff89c64c000 	C:\Windows\SYSTEM32\GLU32.dll
0x00007ff8b3be0000 - 0x00007ff8b3cf5000 	C:\Windows\System32\MSCTF.dll
0x00007ff8b3d00000 - 0x00007ff8b3e2a000 	C:\Windows\System32\ole32.dll
0x00007ff8b27d0000 - 0x00007ff8b27e8000 	C:\Windows\SYSTEM32\CRYPTSP.dll
0x00007ff8b1f50000 - 0x00007ff8b1f84000 	C:\Windows\system32\rsaenh.dll
0x00007ff8b2ef0000 - 0x00007ff8b2f17000 	C:\Windows\System32\bcrypt.dll
0x00007ff8b2da0000 - 0x00007ff8b2dce000 	C:\Windows\SYSTEM32\USERENV.dll
0x00007ff8b27c0000 - 0x00007ff8b27cc000 	C:\Windows\SYSTEM32\CRYPTBASE.dll
0x00007ff8b22c0000 - 0x00007ff8b22fb000 	C:\Windows\SYSTEM32\IPHLPAPI.DLL
0x00007ff8b56c0000 - 0x00007ff8b56c8000 	C:\Windows\System32\NSI.dll
0x00007ff8ac9a0000 - 0x00007ff8ac9b7000 	C:\Windows\SYSTEM32\dhcpcsvc6.DLL
0x00007ff8ac910000 - 0x00007ff8ac92d000 	C:\Windows\SYSTEM32\dhcpcsvc.DLL
0x00007ff8b2300000 - 0x00007ff8b23cb000 	C:\Windows\SYSTEM32\DNSAPI.dll
0x00007ff8b0750000 - 0x00007ff8b075e000 	C:\Program Files\Java\jdk-17.0.5\bin\sunmscapi.dll
0x00007ff8b33b0000 - 0x00007ff8b3506000 	C:\Windows\System32\CRYPT32.dll
0x00007ff8b28e0000 - 0x00007ff8b2907000 	C:\Windows\SYSTEM32\ncrypt.dll
0x00007ff8b28a0000 - 0x00007ff8b28db000 	C:\Windows\SYSTEM32\NTASN1.dll
0x00007ff8abff0000 - 0x00007ff8abffa000 	C:\Windows\System32\rasadhlp.dll
0x00007ff8ab870000 - 0x00007ff8ab8ef000 	C:\Windows\System32\fwpuclnt.dll
0x00007ff862e70000 - 0x00007ff862ef6000 	C:\Program Files\Java\jdk-17.0.5\bin\freetype.dll
0x00007ff8618d0000 - 0x00007ff861995000 	C:\Program Files\Java\jdk-17.0.5\bin\fontmanager.dll
0x00007ff8b3e30000 - 0x00007ff8b3ed9000 	C:\Windows\System32\clbcatq.dll
0x00007ff8ac2d0000 - 0x00007ff8ac484000 	C:\Windows\SYSTEM32\WindowsCodecs.dll
0x00007ff8975a0000 - 0x00007ff8975de000 	C:\Windows\system32\dataexchange.dll
0x00007ff8b0210000 - 0x00007ff8b03f5000 	C:\Windows\system32\dcomp.dll
0x00007ff8af840000 - 0x00007ff8afaa4000 	C:\Windows\system32\d3d11.dll
0x00007ff8b17e0000 - 0x00007ff8b18d4000 	C:\Windows\system32\dxgi.dll
0x00007ff8abd50000 - 0x00007ff8abf51000 	C:\Windows\system32\twinapi.appcore.dll
0x00007ff8afc00000 - 0x00007ff8afcf9000 	C:\Windows\SYSTEM32\textinputframework.dll
0x00007ff8afe20000 - 0x00007ff8b017e000 	C:\Windows\System32\CoreUIComponents.dll
0x00007ff8b0520000 - 0x00007ff8b0612000 	C:\Windows\System32\CoreMessaging.dll
0x00007ff8b1be0000 - 0x00007ff8b1c13000 	C:\Windows\SYSTEM32\ntmarta.dll
0x00007ff8aecc0000 - 0x00007ff8aee14000 	C:\Windows\SYSTEM32\wintypes.dll

dbghelp: loaded successfully - version: 4.0.5 - missing functions: none
symbol engine: initialized successfully - sym options: 0x614 - pdb path: .;C:\Program Files\Java\jdk-17.0.5\bin;C:\Windows\SYSTEM32;C:\Windows\WinSxS\amd64_microsoft.windows.common-controls_6595b64144ccf1df_6.0.19041.1110_none_60b5254171f9507e;C:\Program Files\Java\jdk-17.0.5\bin\server

VM Arguments:
jvm_args: -Dfile.encoding=UTF-8 --module-path=C:\Users\Amol\Documents\NetBeansProjects\Travel Management System\build\classes 
java_command: travel.management.system.Paytm
java_class_path (initial): C:\Users\Amol\Desktop\mysql-connector-java-8.0.28 (1).jar;C:\Users\Amol\Documents\NetBeansProjects\Travel Management System\build\classes
Launcher Type: SUN_STANDARD

[Global flags]
     intx CICompilerCount                          = 3                                         {product} {ergonomic}
     uint ConcGCThreads                            = 1                                         {product} {ergonomic}
     uint G1ConcRefinementThreads                  = 4                                         {product} {ergonomic}
   size_t G1HeapRegionSize                         = 1048576                                   {product} {ergonomic}
    uintx GCDrainStackTargetSize                   = 64                                        {product} {ergonomic}
   size_t InitialHeapSize                          = 132120576                                 {product} {ergonomic}
   size_t MarkStackSize                            = 4194304                                   {product} {ergonomic}
   size_t MaxHeapSize                              = 2111832064                                {product} {ergonomic}
   size_t MaxNewSize                               = 1266679808                                {product} {ergonomic}
   size_t MinHeapDeltaBytes                        = 1048576                                   {product} {ergonomic}
   size_t MinHeapSize                              = 8388608                                   {product} {ergonomic}
    uintx NonNMethodCodeHeapSize                   = 5832780                                {pd product} {ergonomic}
    uintx NonProfiledCodeHeapSize                  = 122912730                              {pd product} {ergonomic}
    uintx ProfiledCodeHeapSize                     = 122912730                              {pd product} {ergonomic}
    uintx ReservedCodeCacheSize                    = 251658240                              {pd product} {ergonomic}
     bool SegmentedCodeCache                       = true                                      {product} {ergonomic}
   size_t SoftMaxHeapSize                          = 2111832064                             {manageable} {ergonomic}
     bool UseCompressedClassPointers               = true                           {product lp64_product} {ergonomic}
     bool UseCompressedOops                        = true                           {product lp64_product} {ergonomic}
     bool UseG1GC                                  = true                                      {product} {ergonomic}
     bool UseLargePagesIndividualAllocation        = false                                  {pd product} {ergonomic}

Logging:
Log output configuration:
 #0: stdout all=warning uptime,level,tags
 #1: stderr all=off uptime,level,tags

Environment Variables:
JAVA_HOME=C:\Program Files\Java\jdk-17
PATH=C:\Program Files\Common Files\Oracle\Java\javapath;C:\Python39\Scripts\;C:\Python39\;C:\Windows\system32;C:\Windows;C:\Windows\System32\Wbem;C:\Windows\System32\WindowsPowerShell\v1.0\;C:\Windows\System32\OpenSSH\;C:\Program Files\nodejs\;C:\ProgramData\chocolatey\bin;C:\Program Files (x86)\Git\cmd;C:\Program Files\dotnet\;C:\Program Files\Java\jdk-17\bin;C:\MinGW\bin;C:\Program Files\Java\jdk-17.0.5\bin;C:\Program Files\MySQL\MySQL Server 8.0\bin;C:\Users\Amol\AppData\Local\Microsoft\WindowsApps;E:\practice program files\Microsoft VS Code\bin
USERNAME=Amol
OS=Windows_NT
PROCESSOR_IDENTIFIER=Intel64 Family 6 Model 78 Stepping 3, GenuineIntel



---------------  S Y S T E M  ---------------

OS:
 Windows 10 , 64 bit Build 19041 (10.0.19041.1348)
OS uptime: 3 days 14:23 hours

CPU: total 4 (initial active 4) (2 cores per cpu, 2 threads per core) family 6 model 78 stepping 3 microcode 0xcc, cx8, cmov, fxsr, ht, mmx, 3dnowpref, sse, sse2, sse3, ssse3, sse4.1, sse4.2, popcnt, lzcnt, tsc, tscinvbit, avx, avx2, aes, erms, clmul, bmi1, bmi2, adx, fma, vzeroupper, clflush, clflushopt

Memory: 4k page, system-wide physical 8052M (1046M free)
TotalPageFile size 32396M (AvailPageFile size 2M)
current process WorkingSet (physical memory assigned to process): 161M, peak: 161M
current process commit charge ("private bytes"): 239M, peak: 239M

vm_info: Java HotSpot(TM) 64-Bit Server VM (17.0.5+9-LTS-191) for windows-amd64 JRE (17.0.5+9-LTS-191), built on Sep 13 2022 17:31:43 by "mach5one" with MS VC++ 16.8 / 16.9 (VS2019)

END.
